<?xml version="1.0" encoding="UTF-8"?>
<testsuite xmlns:xsi="http://www.w3.org/2001/XMLSchema-instance" xsi:noNamespaceSchemaLocation="https://maven.apache.org/surefire/maven-surefire-plugin/xsd/surefire-test-report-3.0.xsd" version="3.0" name="com.eventledger.account.AccountServiceIntegrationTest" time="45.991" tests="10" errors="0" skipped="0" failures="0">
  <properties>
[...]
</properties>
  <testcase name="applyTransaction_credit_createsAccountAndSetsBalance" classname="com.eventledger.account.AccountServiceIntegrationTest" time="7.484">
    <system-out><![CDATA[17:49:19.711 [main] INFO org.springframework.test.context.support.AnnotationConfigContextLoaderUtils -- Could not detect default configuration classes for test class [com.eventledger.account.AccountServiceIntegrationTest]: AccountServiceIntegrationTest does not declare any static, non-private, non-final, nested classes annotated with @Configuration.
17:49:20.103 [main] INFO org.springframework.boot.test.context.SpringBootTestContextBootstrapper -- Found @SpringBootConfiguration com.eventledger.account.AccountServiceApplication for test class com.eventledger.account.AccountServiceIntegrationTest

  .   ____          _            __ _ _
 /\\ / ___'_ __ _ _(_)_ __  __ _ \ \ \ \
( ( )\___ | '_ | '_| | '_ \/ _` | \ \ \ \
 \\/  ___)| |_)| | | | | || (_| |  ) ) ) )
  '  |____| .__|_| |_|_| |_\__, | / / / /
 =========|_|==============|___/=/_/_/_/
 :: Spring Boot ::                (v3.2.5)

{"timestamp":"2026-06-04 17:49:22.219","level":"INFO","service":"account-service","traceId":"NONE","logger":"c.e.a.AccountServiceIntegrationTest","message":"Starting AccountServiceIntegrationTest using Java 17.0.8 with PID 6844 (started by NAJESH in E:\New folder (2)\event-ledger----\event-ledger\account-service)"}
{"timestamp":"2026-06-04 17:49:22.224","level":"INFO","service":"account-service","traceId":"NONE","logger":"c.e.a.AccountServiceIntegrationTest","message":"No active profile set, falling back to 1 default profile: "default""}
{"timestamp":"2026-06-04 17:49:29.055","level":"INFO","service":"account-service","traceId":"NONE","logger":"o.s.d.r.c.RepositoryConfigurationDelegate","message":"Bootstrapping Spring Data JPA repositories in DEFAULT mode."}
{"timestamp":"2026-06-04 17:49:29.495","level":"INFO","service":"account-service","traceId":"NONE","logger":"o.s.d.r.c.RepositoryConfigurationDelegate","message":"Finished Spring Data repository scanning in 394 ms. Found 2 JPA repository interfaces."}
{"timestamp":"2026-06-04 17:49:34.838","level":"INFO","service":"account-service","traceId":"NONE","logger":"o.s.b.w.e.tomcat.TomcatWebServer","message":"Tomcat initialized with port 0 (http)"}
{"timestamp":"2026-06-04 17:49:34.873","level":"INFO","service":"account-service","traceId":"NONE","logger":"o.a.catalina.core.StandardService","message":"Starting service [Tomcat]"}
{"timestamp":"2026-06-04 17:49:34.874","level":"INFO","service":"account-service","traceId":"NONE","logger":"o.a.catalina.core.StandardEngine","message":"Starting Servlet engine: [Apache Tomcat/10.1.20]"}
{"timestamp":"2026-06-04 17:49:35.342","level":"INFO","service":"account-service","traceId":"NONE","logger":"o.a.c.c.C.[Tomcat].[localhost].[/]","message":"Initializing Spring embedded WebApplicationContext"}
{"timestamp":"2026-06-04 17:49:35.346","level":"INFO","service":"account-service","traceId":"NONE","logger":"o.s.b.w.s.c.ServletWebServerApplicationContext","message":"Root WebApplicationContext: initialization completed in 13027 ms"}
{"timestamp":"2026-06-04 17:49:35.928","level":"INFO","service":"account-service","traceId":"NONE","logger":"com.zaxxer.hikari.HikariDataSource","message":"HikariPool-1 - Starting..."}
{"timestamp":"2026-06-04 17:49:37.571","level":"INFO","service":"account-service","traceId":"NONE","logger":"com.zaxxer.hikari.pool.HikariPool","message":"HikariPool-1 - Added connection conn0: url=jdbc:h2:mem:accountservicedb user=ROOT"}
{"timestamp":"2026-06-04 17:49:37.582","level":"INFO","service":"account-service","traceId":"NONE","logger":"com.zaxxer.hikari.HikariDataSource","message":"HikariPool-1 - Start completed."}
{"timestamp":"2026-06-04 17:49:37.644","level":"INFO","service":"account-service","traceId":"NONE","logger":"o.s.b.a.h.H2ConsoleAutoConfiguration","message":"H2 console available at '/h2-console'. Database available at 'jdbc:h2:mem:accountservicedb'"}
{"timestamp":"2026-06-04 17:49:38.626","level":"INFO","service":"account-service","traceId":"NONE","logger":"o.h.jpa.internal.util.LogHelper","message":"HHH000204: Processing PersistenceUnitInfo [name: default]"}
{"timestamp":"2026-06-04 17:49:38.966","level":"INFO","service":"account-service","traceId":"NONE","logger":"org.hibernate.Version","message":"HHH000412: Hibernate ORM core version 6.4.4.Final"}
{"timestamp":"2026-06-04 17:49:39.169","level":"INFO","service":"account-service","traceId":"NONE","logger":"o.h.c.i.RegionFactoryInitiator","message":"HHH000026: Second-level cache disabled"}
{"timestamp":"2026-06-04 17:49:40.605","level":"INFO","service":"account-service","traceId":"NONE","logger":"o.s.o.j.p.SpringPersistenceUnitInfo","message":"No LoadTimeWeaver setup: ignoring JPA class transformer"}
{"timestamp":"2026-06-04 17:49:41.055","level":"WARN","service":"account-service","traceId":"NONE","logger":"org.hibernate.orm.deprecation","message":"HHH90000025: H2Dialect does not need to be specified explicitly using 'hibernate.dialect' (remove the property setting and it will be selected by default)"}
{"timestamp":"2026-06-04 17:49:45.632","level":"INFO","service":"account-service","traceId":"NONE","logger":"o.h.e.t.j.p.i.JtaPlatformInitiator","message":"HHH000489: No JTA platform available (set 'hibernate.transaction.jta.platform' to enable JTA platform integration)"}
{"timestamp":"2026-06-04 17:49:45.748","level":"INFO","service":"account-service","traceId":"NONE","logger":"o.s.o.j.LocalContainerEntityManagerFactoryBean","message":"Initialized JPA EntityManagerFactory for persistence unit 'default'"}
{"timestamp":"2026-06-04 17:49:47.807","level":"INFO","service":"account-service","traceId":"NONE","logger":"o.s.d.j.r.query.QueryEnhancerFactory","message":"Hibernate is in classpath; If applicable, HQL parser will be used."}
{"timestamp":"2026-06-04 17:49:51.083","level":"WARN","service":"account-service","traceId":"NONE","logger":"o.s.b.a.o.j.JpaBaseConfiguration$JpaWebConfiguration","message":"spring.jpa.open-in-view is enabled by default. Therefore, database queries may be performed during view rendering. Explicitly configure spring.jpa.open-in-view to disable this warning"}
{"timestamp":"2026-06-04 17:49:54.717","level":"INFO","service":"account-service","traceId":"NONE","logger":"o.a.c.c.C.[Tomcat].[localhost].[/]","message":"Initializing Spring TestDispatcherServlet ''"}
{"timestamp":"2026-06-04 17:49:54.718","level":"INFO","service":"account-service","traceId":"NONE","logger":"o.s.t.w.s.TestDispatcherServlet","message":"Initializing Servlet ''"}
{"timestamp":"2026-06-04 17:49:54.780","level":"INFO","service":"account-service","traceId":"NONE","logger":"o.s.b.a.e.web.EndpointLinksResolver","message":"Exposing 3 endpoint(s) beneath base path '/actuator'"}
{"timestamp":"2026-06-04 17:49:54.875","level":"INFO","service":"account-service","traceId":"NONE","logger":"o.s.t.w.s.TestDispatcherServlet","message":"Completed initialization in 155 ms"}
{"timestamp":"2026-06-04 17:49:55.335","level":"INFO","service":"account-service","traceId":"NONE","logger":"o.s.b.w.e.tomcat.TomcatWebServer","message":"Tomcat started on port 64645 (http) with context path ''"}
{"timestamp":"2026-06-04 17:49:55.391","level":"INFO","service":"account-service","traceId":"NONE","logger":"c.e.a.AccountServiceIntegrationTest","message":"Started AccountServiceIntegrationTest in 34.79 seconds (process running for 38.923)"}
{"timestamp":"2026-06-04 17:50:01.342","level":"INFO","service":"account-service","traceId":"AS-07a38c6f-6000-43f1-9862-f5f2f37f807c","logger":"c.e.account.service.AccountService","message":"Applying transaction | accountId=acct-bal | eventId=evt-bal-001 | type=CREDIT | amount=500.00 | traceId=AS-07a38c6f-6000-43f1-9862-f5f2f37f807c"}
{"timestamp":"2026-06-04 17:50:01.771","level":"INFO","service":"account-service","traceId":"AS-07a38c6f-6000-43f1-9862-f5f2f37f807c","logger":"c.e.account.service.AccountService","message":"Auto-creating account | accountId=acct-bal | traceId=AS-07a38c6f-6000-43f1-9862-f5f2f37f807c"}
{"timestamp":"2026-06-04 17:50:02.374","level":"INFO","service":"account-service","traceId":"AS-07a38c6f-6000-43f1-9862-f5f2f37f807c","logger":"c.e.account.service.AccountService","message":"Transaction applied | accountId=acct-bal | eventId=evt-bal-001 | newBalance=500.0000 | traceId=AS-07a38c6f-6000-43f1-9862-f5f2f37f807c"}
{"timestamp":"2026-06-04 17:50:02.887","level":"INFO","service":"account-service","traceId":"AS-2b99e691-6c81-4668-a9d9-e94c2864c636","logger":"c.e.account.service.AccountService","message":"Getting balance | accountId=acct-bal | traceId=AS-2b99e691-6c81-4668-a9d9-e94c2864c636"}
]]></system-out>
  </testcase>
  <testcase name="applyTransaction_creditThenDebit_correctNetBalance" classname="com.eventledger.account.AccountServiceIntegrationTest" time="0.34">
    <system-out><![CDATA[{"timestamp":"2026-06-04 17:50:03.284","level":"INFO","service":"account-service","traceId":"AS-243307b5-7d73-4d5f-bb26-439188bde35d","logger":"c.e.account.service.AccountService","message":"Applying transaction | accountId=acct-net | eventId=evt-net-1 | type=CREDIT | amount=1000.00 | traceId=AS-243307b5-7d73-4d5f-bb26-439188bde35d"}
{"timestamp":"2026-06-04 17:50:03.313","level":"INFO","service":"account-service","traceId":"AS-243307b5-7d73-4d5f-bb26-439188bde35d","logger":"c.e.account.service.AccountService","message":"Auto-creating account | accountId=acct-net | traceId=AS-243307b5-7d73-4d5f-bb26-439188bde35d"}
{"timestamp":"2026-06-04 17:50:03.352","level":"INFO","service":"account-service","traceId":"AS-243307b5-7d73-4d5f-bb26-439188bde35d","logger":"c.e.account.service.AccountService","message":"Transaction applied | accountId=acct-net | eventId=evt-net-1 | newBalance=1000.0000 | traceId=AS-243307b5-7d73-4d5f-bb26-439188bde35d"}
{"timestamp":"2026-06-04 17:50:03.378","level":"INFO","service":"account-service","traceId":"AS-62aeb34b-5596-4cc4-b3aa-7d648c1719f7","logger":"c.e.account.service.AccountService","message":"Applying transaction | accountId=acct-net | eventId=evt-net-2 | type=DEBIT | amount=300.00 | traceId=AS-62aeb34b-5596-4cc4-b3aa-7d648c1719f7"}
{"timestamp":"2026-06-04 17:50:03.408","level":"INFO","service":"account-service","traceId":"AS-62aeb34b-5596-4cc4-b3aa-7d648c1719f7","logger":"c.e.account.service.AccountService","message":"Transaction applied | accountId=acct-net | eventId=evt-net-2 | newBalance=700.0000 | traceId=AS-62aeb34b-5596-4cc4-b3aa-7d648c1719f7"}
{"timestamp":"2026-06-04 17:50:03.430","level":"INFO","service":"account-service","traceId":"AS-8015929a-9cde-4d2f-8e62-c7e6fc8cf41a","logger":"c.e.account.service.AccountService","message":"Getting balance | accountId=acct-net | traceId=AS-8015929a-9cde-4d2f-8e62-c7e6fc8cf41a"}
]]></system-out>
  </testcase>
  <testcase name="applyTransaction_outOfOrder_balanceAlwaysCorrect" classname="com.eventledger.account.AccountServiceIntegrationTest" time="0.524">
    <system-out><![CDATA[{"timestamp":"2026-06-04 17:50:03.511","level":"INFO","service":"account-service","traceId":"AS-c2dfd328-6242-4c2f-9b82-ee94d35e8990","logger":"c.e.account.service.AccountService","message":"Applying transaction | accountId=acct-ooo | eventId=evt-ooo-3 | type=CREDIT | amount=300.00 | traceId=AS-c2dfd328-6242-4c2f-9b82-ee94d35e8990"}
{"timestamp":"2026-06-04 17:50:03.521","level":"INFO","service":"account-service","traceId":"AS-c2dfd328-6242-4c2f-9b82-ee94d35e8990","logger":"c.e.account.service.AccountService","message":"Auto-creating account | accountId=acct-ooo | traceId=AS-c2dfd328-6242-4c2f-9b82-ee94d35e8990"}
{"timestamp":"2026-06-04 17:50:03.537","level":"INFO","service":"account-service","traceId":"AS-c2dfd328-6242-4c2f-9b82-ee94d35e8990","logger":"c.e.account.service.AccountService","message":"Transaction applied | accountId=acct-ooo | eventId=evt-ooo-3 | newBalance=300.0000 | traceId=AS-c2dfd328-6242-4c2f-9b82-ee94d35e8990"}
{"timestamp":"2026-06-04 17:50:03.557","level":"INFO","service":"account-service","traceId":"AS-5f35128d-c6b2-4315-9dfb-07c79fea99f4","logger":"c.e.account.service.AccountService","message":"Applying transaction | accountId=acct-ooo | eventId=evt-ooo-1 | type=CREDIT | amount=100.00 | traceId=AS-5f35128d-c6b2-4315-9dfb-07c79fea99f4"}
{"timestamp":"2026-06-04 17:50:03.598","level":"INFO","service":"account-service","traceId":"AS-5f35128d-c6b2-4315-9dfb-07c79fea99f4","logger":"c.e.account.service.AccountService","message":"Transaction applied | accountId=acct-ooo | eventId=evt-ooo-1 | newBalance=400.0000 | traceId=AS-5f35128d-c6b2-4315-9dfb-07c79fea99f4"}
{"timestamp":"2026-06-04 17:50:03.648","level":"INFO","service":"account-service","traceId":"AS-bc16cbd2-030d-4a65-81e3-dba895ed9e43","logger":"c.e.account.service.AccountService","message":"Applying transaction | accountId=acct-ooo | eventId=evt-ooo-2 | type=DEBIT | amount=50.00 | traceId=AS-bc16cbd2-030d-4a65-81e3-dba895ed9e43"}
{"timestamp":"2026-06-04 17:50:03.666","level":"INFO","service":"account-service","traceId":"AS-bc16cbd2-030d-4a65-81e3-dba895ed9e43","logger":"c.e.account.service.AccountService","message":"Transaction applied | accountId=acct-ooo | eventId=evt-ooo-2 | newBalance=350.0000 | traceId=AS-bc16cbd2-030d-4a65-81e3-dba895ed9e43"}
{"timestamp":"2026-06-04 17:50:03.685","level":"INFO","service":"account-service","traceId":"AS-fd0b1049-590e-45cb-b36c-db4a46c5a420","logger":"c.e.account.service.AccountService","message":"Getting balance | accountId=acct-ooo | traceId=AS-fd0b1049-590e-45cb-b36c-db4a46c5a420"}
{"timestamp":"2026-06-04 17:50:03.701","level":"INFO","service":"account-service","traceId":"AS-779e96f1-6c4c-4fb1-b8bf-cc4f422e83fb","logger":"c.e.account.service.AccountService","message":"Getting account details | accountId=acct-ooo | traceId=AS-779e96f1-6c4c-4fb1-b8bf-cc4f422e83fb"}
]]></system-out>
  </testcase>
  <testcase name="applyTransaction_duplicate_doesNotAlterBalance" classname="com.eventledger.account.AccountServiceIntegrationTest" time="0.196">
    <system-out><![CDATA[{"timestamp":"2026-06-04 17:50:04.035","level":"INFO","service":"account-service","traceId":"AS-6ae4e3e5-893d-4dc4-8827-c41a2efc2702","logger":"c.e.account.service.AccountService","message":"Applying transaction | accountId=acct-idem | eventId=evt-idem-1 | type=CREDIT | amount=200.00 | traceId=AS-6ae4e3e5-893d-4dc4-8827-c41a2efc2702"}
{"timestamp":"2026-06-04 17:50:04.057","level":"INFO","service":"account-service","traceId":"AS-6ae4e3e5-893d-4dc4-8827-c41a2efc2702","logger":"c.e.account.service.AccountService","message":"Auto-creating account | accountId=acct-idem | traceId=AS-6ae4e3e5-893d-4dc4-8827-c41a2efc2702"}
{"timestamp":"2026-06-04 17:50:04.078","level":"INFO","service":"account-service","traceId":"AS-6ae4e3e5-893d-4dc4-8827-c41a2efc2702","logger":"c.e.account.service.AccountService","message":"Transaction applied | accountId=acct-idem | eventId=evt-idem-1 | newBalance=200.0000 | traceId=AS-6ae4e3e5-893d-4dc4-8827-c41a2efc2702"}
{"timestamp":"2026-06-04 17:50:04.096","level":"INFO","service":"account-service","traceId":"AS-bf2d78af-d60a-48e8-8164-f5e49bcf81d5","logger":"c.e.account.service.AccountService","message":"Applying transaction | accountId=acct-idem | eventId=evt-idem-1 | type=CREDIT | amount=200.00 | traceId=AS-bf2d78af-d60a-48e8-8164-f5e49bcf81d5"}
{"timestamp":"2026-06-04 17:50:04.108","level":"INFO","service":"account-service","traceId":"AS-bf2d78af-d60a-48e8-8164-f5e49bcf81d5","logger":"c.e.account.service.AccountService","message":"Duplicate transaction ignored | eventId=evt-idem-1 | traceId=AS-bf2d78af-d60a-48e8-8164-f5e49bcf81d5"}
{"timestamp":"2026-06-04 17:50:04.126","level":"INFO","service":"account-service","traceId":"AS-ae671166-9879-48fe-87ab-bbc4c4aa29f7","logger":"c.e.account.service.AccountService","message":"Getting balance | accountId=acct-idem | traceId=AS-ae671166-9879-48fe-87ab-bbc4c4aa29f7"}
]]></system-out>
  </testcase>
  <testcase name="applyTransaction_invalidType_returns400" classname="com.eventledger.account.AccountServiceIntegrationTest" time="0.132"/>
  <testcase name="getBalance_nonExistentAccount_returns404" classname="com.eventledger.account.AccountServiceIntegrationTest" time="0.06">
    <system-out><![CDATA[{"timestamp":"2026-06-04 17:50:04.367","level":"INFO","service":"account-service","traceId":"AS-0cdcc500-da89-47b4-a9eb-c09a6cfbf9ce","logger":"c.e.account.service.AccountService","message":"Getting balance | accountId=does-not-exist | traceId=AS-0cdcc500-da89-47b4-a9eb-c09a6cfbf9ce"}
]]></system-out>
  </testcase>
  <testcase name="getAccount_nonExistentAccount_returns404" classname="com.eventledger.account.AccountServiceIntegrationTest" time="0.049">
    <system-out><![CDATA[{"timestamp":"2026-06-04 17:50:04.417","level":"INFO","service":"account-service","traceId":"AS-3dca3bd3-3b0a-437d-ac02-839863925527","logger":"c.e.account.service.AccountService","message":"Getting account details | accountId=ghost-account | traceId=AS-3dca3bd3-3b0a-437d-ac02-839863925527"}
]]></system-out>
  </testcase>
  <testcase name="traceId_propagatedFromHeader_returnedInResponse" classname="com.eventledger.account.AccountServiceIntegrationTest" time="0.13">
    <system-out><![CDATA[{"timestamp":"2026-06-04 17:50:04.498","level":"INFO","service":"account-service","traceId":"trace-acct-xyz789","logger":"c.e.account.service.AccountService","message":"Applying transaction | accountId=acct-trace | eventId=evt-trace-as | type=CREDIT | amount=100.00 | traceId=trace-acct-xyz789"}
{"timestamp":"2026-06-04 17:50:04.506","level":"INFO","service":"account-service","traceId":"trace-acct-xyz789","logger":"c.e.account.service.AccountService","message":"Auto-creating account | accountId=acct-trace | traceId=trace-acct-xyz789"}
{"timestamp":"2026-06-04 17:50:04.525","level":"INFO","service":"account-service","traceId":"trace-acct-xyz789","logger":"c.e.account.service.AccountService","message":"Transaction applied | accountId=acct-trace | eventId=evt-trace-as | newBalance=100.0000 | traceId=trace-acct-xyz789"}
]]></system-out>
  </testcase>
  <testcase name="healthEndpoint_returns200" classname="com.eventledger.account.AccountServiceIntegrationTest" time="0.155"/>
  <testcase name="getAccount_returnsTransactionsInChronologicalOrder" classname="com.eventledger.account.AccountServiceIntegrationTest" time="0.215">
    <system-out><![CDATA[{"timestamp":"2026-06-04 17:50:04.817","level":"INFO","service":"account-service","traceId":"AS-9874b04a-0eae-4bb9-acc2-4a6a72ba0bf2","logger":"c.e.account.service.AccountService","message":"Applying transaction | accountId=acct-chrono | eventId=evt-c-3 | type=CREDIT | amount=30.00 | traceId=AS-9874b04a-0eae-4bb9-acc2-4a6a72ba0bf2"}
{"timestamp":"2026-06-04 17:50:04.827","level":"INFO","service":"account-service","traceId":"AS-9874b04a-0eae-4bb9-acc2-4a6a72ba0bf2","logger":"c.e.account.service.AccountService","message":"Auto-creating account | accountId=acct-chrono | traceId=AS-9874b04a-0eae-4bb9-acc2-4a6a72ba0bf2"}
{"timestamp":"2026-06-04 17:50:04.846","level":"INFO","service":"account-service","traceId":"AS-9874b04a-0eae-4bb9-acc2-4a6a72ba0bf2","logger":"c.e.account.service.AccountService","message":"Transaction applied | accountId=acct-chrono | eventId=evt-c-3 | newBalance=30.0000 | traceId=AS-9874b04a-0eae-4bb9-acc2-4a6a72ba0bf2"}
{"timestamp":"2026-06-04 17:50:04.861","level":"INFO","service":"account-service","traceId":"AS-600424b1-8676-4f4b-861e-495d02d0b46b","logger":"c.e.account.service.AccountService","message":"Applying transaction | accountId=acct-chrono | eventId=evt-c-1 | type=CREDIT | amount=10.00 | traceId=AS-600424b1-8676-4f4b-861e-495d02d0b46b"}
{"timestamp":"2026-06-04 17:50:04.884","level":"INFO","service":"account-service","traceId":"AS-600424b1-8676-4f4b-861e-495d02d0b46b","logger":"c.e.account.service.AccountService","message":"Transaction applied | accountId=acct-chrono | eventId=evt-c-1 | newBalance=40.0000 | traceId=AS-600424b1-8676-4f4b-861e-495d02d0b46b"}
{"timestamp":"2026-06-04 17:50:04.905","level":"INFO","service":"account-service","traceId":"AS-d5f7381a-d5fc-4b7a-bd6d-05f8e25e03dd","logger":"c.e.account.service.AccountService","message":"Applying transaction | accountId=acct-chrono | eventId=evt-c-2 | type=DEBIT | amount=20.00 | traceId=AS-d5f7381a-d5fc-4b7a-bd6d-05f8e25e03dd"}
{"timestamp":"2026-06-04 17:50:04.922","level":"INFO","service":"account-service","traceId":"AS-d5f7381a-d5fc-4b7a-bd6d-05f8e25e03dd","logger":"c.e.account.service.AccountService","message":"Transaction applied | accountId=acct-chrono | eventId=evt-c-2 | newBalance=20.0000 | traceId=AS-d5f7381a-d5fc-4b7a-bd6d-05f8e25e03dd"}
{"timestamp":"2026-06-04 17:50:04.936","level":"INFO","service":"account-service","traceId":"AS-87c40b82-fabc-478c-add0-d5ca91e8c569","logger":"c.e.account.service.AccountService","message":"Getting account details | accountId=acct-chrono | traceId=AS-87c40b82-fabc-478c-add0-d5ca91e8c569"}
]]></system-out>
  </testcase>
</testsuite>