<?xml version="1.0" encoding="UTF-8"?>
<testsuite xmlns:xsi="http://www.w3.org/2001/XMLSchema-instance" xsi:noNamespaceSchemaLocation="https://maven.apache.org/surefire/maven-surefire-plugin/xsd/surefire-test-report-3.0.xsd" version="3.0" name="com.eventledger.gateway.EventGatewayIntegrationTest" time="64.169" tests="16" errors="0" skipped="0" failures="0">
  <properties>
[...]
</properties>
  <testcase name="submitEvent_missingEventId_returns400" classname="com.eventledger.gateway.EventGatewayIntegrationTest" time="6.202">
    <system-out><![CDATA[17:49:11.660 [main] INFO org.springframework.test.context.support.AnnotationConfigContextLoaderUtils -- Could not detect default configuration classes for test class [com.eventledger.gateway.EventGatewayIntegrationTest]: EventGatewayIntegrationTest does not declare any static, non-private, non-final, nested classes annotated with @Configuration.
17:49:12.136 [main] INFO org.springframework.boot.test.context.SpringBootTestContextBootstrapper -- Found @SpringBootConfiguration com.eventledger.gateway.EventGatewayApplication for test class com.eventledger.gateway.EventGatewayIntegrationTest

  .   ____          _            __ _ _
 /\\ / ___'_ __ _ _(_)_ __  __ _ \ \ \ \
( ( )\___ | '_ | '_| | '_ \/ _` | \ \ \ \
 \\/  ___)| |_)| | | | | || (_| |  ) ) ) )
  '  |____| .__|_| |_|_| |_\__, | / / / /
 =========|_|==============|___/=/_/_/_/
 :: Spring Boot ::                (v3.2.5)

{"timestamp":"2026-06-04 17:49:18.815","level":"INFO","service":"event-gateway","traceId":"NONE","logger":"c.e.g.EventGatewayIntegrationTest","message":"Starting EventGatewayIntegrationTest using Java 17.0.8 with PID 26156 (started by NAJESH in E:\New folder (2)\event-ledger----\event-ledger\event-gateway)"}
{"timestamp":"2026-06-04 17:49:18.818","level":"INFO","service":"event-gateway","traceId":"NONE","logger":"c.e.g.EventGatewayIntegrationTest","message":"No active profile set, falling back to 1 default profile: "default""}
{"timestamp":"2026-06-04 17:49:27.089","level":"INFO","service":"event-gateway","traceId":"NONE","logger":"o.s.d.r.c.RepositoryConfigurationDelegate","message":"Bootstrapping Spring Data JPA repositories in DEFAULT mode."}
{"timestamp":"2026-06-04 17:49:27.362","level":"INFO","service":"event-gateway","traceId":"NONE","logger":"o.s.d.r.c.RepositoryConfigurationDelegate","message":"Finished Spring Data repository scanning in 238 ms. Found 1 JPA repository interface."}
{"timestamp":"2026-06-04 17:49:34.239","level":"INFO","service":"event-gateway","traceId":"NONE","logger":"o.s.b.w.e.tomcat.TomcatWebServer","message":"Tomcat initialized with port 0 (http)"}
{"timestamp":"2026-06-04 17:49:34.296","level":"INFO","service":"event-gateway","traceId":"NONE","logger":"o.a.catalina.core.StandardService","message":"Starting service [Tomcat]"}
{"timestamp":"2026-06-04 17:49:34.302","level":"INFO","service":"event-gateway","traceId":"NONE","logger":"o.a.catalina.core.StandardEngine","message":"Starting Servlet engine: [Apache Tomcat/10.1.20]"}
{"timestamp":"2026-06-04 17:49:34.857","level":"INFO","service":"event-gateway","traceId":"NONE","logger":"o.a.c.c.C.[Tomcat].[localhost].[/]","message":"Initializing Spring embedded WebApplicationContext"}
{"timestamp":"2026-06-04 17:49:34.860","level":"INFO","service":"event-gateway","traceId":"NONE","logger":"o.s.b.w.s.c.ServletWebServerApplicationContext","message":"Root WebApplicationContext: initialization completed in 15947 ms"}
{"timestamp":"2026-06-04 17:49:35.866","level":"INFO","service":"event-gateway","traceId":"NONE","logger":"com.zaxxer.hikari.HikariDataSource","message":"HikariPool-1 - Starting..."}
{"timestamp":"2026-06-04 17:49:37.590","level":"INFO","service":"event-gateway","traceId":"NONE","logger":"com.zaxxer.hikari.pool.HikariPool","message":"HikariPool-1 - Added connection conn0: url=jdbc:h2:mem:eventgatewaydb user=ROOT"}
{"timestamp":"2026-06-04 17:49:37.596","level":"INFO","service":"event-gateway","traceId":"NONE","logger":"com.zaxxer.hikari.HikariDataSource","message":"HikariPool-1 - Start completed."}
{"timestamp":"2026-06-04 17:49:37.645","level":"INFO","service":"event-gateway","traceId":"NONE","logger":"o.s.b.a.h.H2ConsoleAutoConfiguration","message":"H2 console available at '/h2-console'. Database available at 'jdbc:h2:mem:eventgatewaydb'"}
{"timestamp":"2026-06-04 17:49:39.077","level":"INFO","service":"event-gateway","traceId":"NONE","logger":"o.h.jpa.internal.util.LogHelper","message":"HHH000204: Processing PersistenceUnitInfo [name: default]"}
{"timestamp":"2026-06-04 17:49:39.411","level":"INFO","service":"event-gateway","traceId":"NONE","logger":"org.hibernate.Version","message":"HHH000412: Hibernate ORM core version 6.4.4.Final"}
{"timestamp":"2026-06-04 17:49:39.597","level":"INFO","service":"event-gateway","traceId":"NONE","logger":"o.h.c.i.RegionFactoryInitiator","message":"HHH000026: Second-level cache disabled"}
{"timestamp":"2026-06-04 17:49:41.022","level":"INFO","service":"event-gateway","traceId":"NONE","logger":"o.s.o.j.p.SpringPersistenceUnitInfo","message":"No LoadTimeWeaver setup: ignoring JPA class transformer"}
{"timestamp":"2026-06-04 17:49:41.226","level":"WARN","service":"event-gateway","traceId":"NONE","logger":"org.hibernate.orm.deprecation","message":"HHH90000025: H2Dialect does not need to be specified explicitly using 'hibernate.dialect' (remove the property setting and it will be selected by default)"}
{"timestamp":"2026-06-04 17:49:45.780","level":"INFO","service":"event-gateway","traceId":"NONE","logger":"o.h.e.t.j.p.i.JtaPlatformInitiator","message":"HHH000489: No JTA platform available (set 'hibernate.transaction.jta.platform' to enable JTA platform integration)"}
{"timestamp":"2026-06-04 17:49:46.019","level":"INFO","service":"event-gateway","traceId":"NONE","logger":"o.s.o.j.LocalContainerEntityManagerFactoryBean","message":"Initialized JPA EntityManagerFactory for persistence unit 'default'"}
{"timestamp":"2026-06-04 17:49:51.791","level":"WARN","service":"event-gateway","traceId":"NONE","logger":"o.s.b.a.o.j.JpaBaseConfiguration$JpaWebConfiguration","message":"spring.jpa.open-in-view is enabled by default. Therefore, database queries may be performed during view rendering. Explicitly configure spring.jpa.open-in-view to disable this warning"}
{"timestamp":"2026-06-04 17:50:01.055","level":"INFO","service":"event-gateway","traceId":"NONE","logger":"o.a.c.c.C.[Tomcat].[localhost].[/]","message":"Initializing Spring TestDispatcherServlet ''"}
{"timestamp":"2026-06-04 17:50:01.057","level":"INFO","service":"event-gateway","traceId":"NONE","logger":"o.s.t.w.s.TestDispatcherServlet","message":"Initializing Servlet ''"}
{"timestamp":"2026-06-04 17:50:01.164","level":"INFO","service":"event-gateway","traceId":"NONE","logger":"o.s.b.a.e.web.EndpointLinksResolver","message":"Exposing 4 endpoint(s) beneath base path '/actuator'"}
{"timestamp":"2026-06-04 17:50:01.804","level":"INFO","service":"event-gateway","traceId":"NONE","logger":"o.s.t.w.s.TestDispatcherServlet","message":"Completed initialization in 745 ms"}
{"timestamp":"2026-06-04 17:50:02.448","level":"INFO","service":"event-gateway","traceId":"NONE","logger":"o.s.b.w.e.tomcat.TomcatWebServer","message":"Tomcat started on port 64648 (http) with context path ''"}
{"timestamp":"2026-06-04 17:50:02.584","level":"INFO","service":"event-gateway","traceId":"NONE","logger":"c.e.g.EventGatewayIntegrationTest","message":"Started EventGatewayIntegrationTest in 45.427 seconds (process running for 54.216)"}
{"timestamp":"2026-06-04 17:50:08.795","level":"WARN","service":"event-gateway","traceId":"38065214-2696-4249-b626-44ef9d2dc0e7","logger":"c.e.g.e.GlobalExceptionHandler","message":"Validation error | traceId=38065214-2696-4249-b626-44ef9d2dc0e7 | details=[eventId is required]"}
]]></system-out>
    <system-err><![CDATA[SLF4J: No SLF4J providers were found.
SLF4J: Defaulting to no-operation (NOP) logger implementation
SLF4J: See https://www.slf4j.org/codes.html#noProviders for further details.
SLF4J: Class path contains SLF4J bindings targeting slf4j-api versions 1.7.x or earlier.
SLF4J: Ignoring binding found at [jar:file:/C:/Users/NAJESH/.m2/repository/org/wiremock/wiremock-standalone/3.0.1/wiremock-standalone-3.0.1.jar!/wiremock/org/slf4j/impl/StaticLoggerBinder.class]
SLF4J: See https://www.slf4j.org/codes.html#ignoredBindings for an explanation.
]]></system-err>
  </testcase>
  <testcase name="submitEvent_invalidType_returns400" classname="com.eventledger.gateway.EventGatewayIntegrationTest" time="0.086">
    <system-out><![CDATA[{"timestamp":"2026-06-04 17:50:09.379","level":"WARN","service":"event-gateway","traceId":"e456120e-6b69-4df7-a35a-e510a1621b80","logger":"c.e.g.e.GlobalExceptionHandler","message":"Validation error | traceId=e456120e-6b69-4df7-a35a-e510a1621b80 | details=[type must be CREDIT or DEBIT]"}
]]></system-out>
  </testcase>
  <testcase name="submitEvent_negativeAmount_returns400" classname="com.eventledger.gateway.EventGatewayIntegrationTest" time="0.052">
    <system-out><![CDATA[{"timestamp":"2026-06-04 17:50:09.440","level":"WARN","service":"event-gateway","traceId":"b50ff548-56df-4620-a322-1465fb901717","logger":"c.e.g.e.GlobalExceptionHandler","message":"Validation error | traceId=b50ff548-56df-4620-a322-1465fb901717 | details=[amount must be greater than 0]"}
]]></system-out>
  </testcase>
  <testcase name="submitEvent_zeroAmount_returns400" classname="com.eventledger.gateway.EventGatewayIntegrationTest" time="0.06">
    <system-out><![CDATA[{"timestamp":"2026-06-04 17:50:09.503","level":"WARN","service":"event-gateway","traceId":"f1027b3b-3e07-4d5c-a251-a5d9a872fb84","logger":"c.e.g.e.GlobalExceptionHandler","message":"Validation error | traceId=f1027b3b-3e07-4d5c-a251-a5d9a872fb84 | details=[amount must be greater than 0]"}
]]></system-out>
  </testcase>
  <testcase name="submitEvent_validRequest_returns201" classname="com.eventledger.gateway.EventGatewayIntegrationTest" time="1.803">
    <system-out><![CDATA[{"timestamp":"2026-06-04 17:50:09.565","level":"INFO","service":"event-gateway","traceId":"95e3f152-0f50-4616-9f4f-3d6364566747","logger":"c.e.gateway.service.EventService","message":"Processing event submission | eventId=evt-001 | accountId=acct-123 | type=CREDIT | traceId=95e3f152-0f50-4616-9f4f-3d6364566747"}
{"timestamp":"2026-06-04 17:50:10.505","level":"INFO","service":"event-gateway","traceId":"95e3f152-0f50-4616-9f4f-3d6364566747","logger":"c.e.g.service.AccountServiceClient","message":"Calling Account Service: POST http://localhost:9999/accounts/acct-123/transactions | eventId=evt-001 | traceId=95e3f152-0f50-4616-9f4f-3d6364566747"}
{"timestamp":"2026-06-04 17:50:10.729","level":"INFO","service":"event-gateway","traceId":"95e3f152-0f50-4616-9f4f-3d6364566747","logger":"c.e.g.service.AccountServiceClient","message":"Account Service responded: status=201 CREATED | eventId=evt-001 | traceId=95e3f152-0f50-4616-9f4f-3d6364566747"}
]]></system-out>
  </testcase>
  <testcase name="submitEvent_duplicate_returns200WithOriginalEvent" classname="com.eventledger.gateway.EventGatewayIntegrationTest" time="1.784">
    <system-out><![CDATA[{"timestamp":"2026-06-04 17:50:11.728","level":"INFO","service":"event-gateway","traceId":"c3ca98b1-67cd-4d2e-9426-152004d48277","logger":"c.e.gateway.service.EventService","message":"Processing event submission | eventId=evt-dup-001 | accountId=acct-123 | type=CREDIT | traceId=c3ca98b1-67cd-4d2e-9426-152004d48277"}
{"timestamp":"2026-06-04 17:50:11.740","level":"INFO","service":"event-gateway","traceId":"c3ca98b1-67cd-4d2e-9426-152004d48277","logger":"c.e.g.service.AccountServiceClient","message":"Calling Account Service: POST http://localhost:9999/accounts/acct-123/transactions | eventId=evt-dup-001 | traceId=c3ca98b1-67cd-4d2e-9426-152004d48277"}
{"timestamp":"2026-06-04 17:50:11.753","level":"INFO","service":"event-gateway","traceId":"c3ca98b1-67cd-4d2e-9426-152004d48277","logger":"c.e.g.service.AccountServiceClient","message":"Account Service responded: status=201 CREATED | eventId=evt-dup-001 | traceId=c3ca98b1-67cd-4d2e-9426-152004d48277"}
{"timestamp":"2026-06-04 17:50:11.768","level":"INFO","service":"event-gateway","traceId":"0e9f87a1-6480-4d15-872a-8381a8ac0bfe","logger":"c.e.gateway.service.EventService","message":"Processing event submission | eventId=evt-dup-001 | accountId=acct-123 | type=CREDIT | traceId=0e9f87a1-6480-4d15-872a-8381a8ac0bfe"}
{"timestamp":"2026-06-04 17:50:11.775","level":"INFO","service":"event-gateway","traceId":"0e9f87a1-6480-4d15-872a-8381a8ac0bfe","logger":"c.e.gateway.service.EventService","message":"Duplicate event detected | eventId=evt-dup-001 | traceId=0e9f87a1-6480-4d15-872a-8381a8ac0bfe"}
]]></system-out>
  </testcase>
  <testcase name="getEvent_existingEvent_returns200" classname="com.eventledger.gateway.EventGatewayIntegrationTest" time="0.14">
    <system-out><![CDATA[{"timestamp":"2026-06-04 17:50:13.161","level":"INFO","service":"event-gateway","traceId":"0f67357c-6177-4fab-9a44-0a3db7bd43f8","logger":"c.e.gateway.service.EventService","message":"Processing event submission | eventId=evt-get-001 | accountId=acct-123 | type=CREDIT | traceId=0f67357c-6177-4fab-9a44-0a3db7bd43f8"}
{"timestamp":"2026-06-04 17:50:13.170","level":"INFO","service":"event-gateway","traceId":"0f67357c-6177-4fab-9a44-0a3db7bd43f8","logger":"c.e.g.service.AccountServiceClient","message":"Calling Account Service: POST http://localhost:9999/accounts/acct-123/transactions | eventId=evt-get-001 | traceId=0f67357c-6177-4fab-9a44-0a3db7bd43f8"}
{"timestamp":"2026-06-04 17:50:13.181","level":"INFO","service":"event-gateway","traceId":"0f67357c-6177-4fab-9a44-0a3db7bd43f8","logger":"c.e.g.service.AccountServiceClient","message":"Account Service responded: status=201 CREATED | eventId=evt-get-001 | traceId=0f67357c-6177-4fab-9a44-0a3db7bd43f8"}
{"timestamp":"2026-06-04 17:50:13.223","level":"INFO","service":"event-gateway","traceId":"8cfbb709-6414-4f67-ae77-8f6decb53999","logger":"c.e.gateway.service.EventService","message":"Retrieving event | eventId=evt-get-001 | traceId=8cfbb709-6414-4f67-ae77-8f6decb53999"}
]]></system-out>
  </testcase>
  <testcase name="getEvent_nonExistent_returns404" classname="com.eventledger.gateway.EventGatewayIntegrationTest" time="0.093">
    <system-out><![CDATA[{"timestamp":"2026-06-04 17:50:13.327","level":"INFO","service":"event-gateway","traceId":"ca16856d-d248-4e99-826e-34a0d9dbc99c","logger":"c.e.gateway.service.EventService","message":"Retrieving event | eventId=does-not-exist | traceId=ca16856d-d248-4e99-826e-34a0d9dbc99c"}
]]></system-out>
  </testcase>
  <testcase name="getEventsByAccount_outOfOrderEvents_returnedChronologically" classname="com.eventledger.gateway.EventGatewayIntegrationTest" time="0.366">
    <system-out><![CDATA[{"timestamp":"2026-06-04 17:50:13.422","level":"INFO","service":"event-gateway","traceId":"4072f1dd-077d-4ad9-a7bd-5b3f1215e534","logger":"c.e.gateway.service.EventService","message":"Processing event submission | eventId=evt-ord-3 | accountId=acct-order-test | type=CREDIT | traceId=4072f1dd-077d-4ad9-a7bd-5b3f1215e534"}
{"timestamp":"2026-06-04 17:50:13.432","level":"INFO","service":"event-gateway","traceId":"4072f1dd-077d-4ad9-a7bd-5b3f1215e534","logger":"c.e.g.service.AccountServiceClient","message":"Calling Account Service: POST http://localhost:9999/accounts/acct-order-test/transactions | eventId=evt-ord-3 | traceId=4072f1dd-077d-4ad9-a7bd-5b3f1215e534"}
{"timestamp":"2026-06-04 17:50:13.448","level":"INFO","service":"event-gateway","traceId":"4072f1dd-077d-4ad9-a7bd-5b3f1215e534","logger":"c.e.g.service.AccountServiceClient","message":"Account Service responded: status=201 CREATED | eventId=evt-ord-3 | traceId=4072f1dd-077d-4ad9-a7bd-5b3f1215e534"}
{"timestamp":"2026-06-04 17:50:13.460","level":"INFO","service":"event-gateway","traceId":"35ebbd92-0808-499a-8def-27b11de754f2","logger":"c.e.gateway.service.EventService","message":"Processing event submission | eventId=evt-ord-1 | accountId=acct-order-test | type=CREDIT | traceId=35ebbd92-0808-499a-8def-27b11de754f2"}
{"timestamp":"2026-06-04 17:50:13.475","level":"INFO","service":"event-gateway","traceId":"35ebbd92-0808-499a-8def-27b11de754f2","logger":"c.e.g.service.AccountServiceClient","message":"Calling Account Service: POST http://localhost:9999/accounts/acct-order-test/transactions | eventId=evt-ord-1 | traceId=35ebbd92-0808-499a-8def-27b11de754f2"}
{"timestamp":"2026-06-04 17:50:13.493","level":"INFO","service":"event-gateway","traceId":"35ebbd92-0808-499a-8def-27b11de754f2","logger":"c.e.g.service.AccountServiceClient","message":"Account Service responded: status=201 CREATED | eventId=evt-ord-1 | traceId=35ebbd92-0808-499a-8def-27b11de754f2"}
{"timestamp":"2026-06-04 17:50:13.505","level":"INFO","service":"event-gateway","traceId":"ad3ca802-a690-487b-98e3-d4ead39ebf54","logger":"c.e.gateway.service.EventService","message":"Processing event submission | eventId=evt-ord-2 | accountId=acct-order-test | type=CREDIT | traceId=ad3ca802-a690-487b-98e3-d4ead39ebf54"}
{"timestamp":"2026-06-04 17:50:13.521","level":"INFO","service":"event-gateway","traceId":"ad3ca802-a690-487b-98e3-d4ead39ebf54","logger":"c.e.g.service.AccountServiceClient","message":"Calling Account Service: POST http://localhost:9999/accounts/acct-order-test/transactions | eventId=evt-ord-2 | traceId=ad3ca802-a690-487b-98e3-d4ead39ebf54"}
{"timestamp":"2026-06-04 17:50:13.537","level":"INFO","service":"event-gateway","traceId":"ad3ca802-a690-487b-98e3-d4ead39ebf54","logger":"c.e.g.service.AccountServiceClient","message":"Account Service responded: status=201 CREATED | eventId=evt-ord-2 | traceId=ad3ca802-a690-487b-98e3-d4ead39ebf54"}
{"timestamp":"2026-06-04 17:50:13.557","level":"INFO","service":"event-gateway","traceId":"5d4ac30f-95b5-43b3-afce-0cdc197f4f7a","logger":"c.e.gateway.service.EventService","message":"Listing events for account | accountId=acct-order-test | traceId=5d4ac30f-95b5-43b3-afce-0cdc197f4f7a"}
]]></system-out>
  </testcase>
  <testcase name="submitEvent_accountServiceDown_returns503" classname="com.eventledger.gateway.EventGatewayIntegrationTest" time="0.226">
    <system-out><![CDATA[{"timestamp":"2026-06-04 17:50:13.871","level":"INFO","service":"event-gateway","traceId":"b5691852-37d8-4703-a14e-f8542ce758ac","logger":"c.e.gateway.service.EventService","message":"Processing event submission | eventId=evt-svc-down | accountId=acct-123 | type=CREDIT | traceId=b5691852-37d8-4703-a14e-f8542ce758ac"}
{"timestamp":"2026-06-04 17:50:13.881","level":"INFO","service":"event-gateway","traceId":"b5691852-37d8-4703-a14e-f8542ce758ac","logger":"c.e.g.service.AccountServiceClient","message":"Calling Account Service: POST http://localhost:9999/accounts/acct-123/transactions | eventId=evt-svc-down | traceId=b5691852-37d8-4703-a14e-f8542ce758ac"}
{"timestamp":"2026-06-04 17:50:13.930","level":"ERROR","service":"event-gateway","traceId":"b5691852-37d8-4703-a14e-f8542ce758ac","logger":"c.e.g.service.AccountServiceClient","message":"Circuit breaker fallback triggered for Account Service | accountId=acct-123 | eventId=evt-svc-down | traceId=b5691852-37d8-4703-a14e-f8542ce758ac | cause=I/O error on POST request for "http://localhost:9999/accounts/acct-123/transactions": Connection reset"}
{"timestamp":"2026-06-04 17:50:13.937","level":"ERROR","service":"event-gateway","traceId":"b5691852-37d8-4703-a14e-f8542ce758ac","logger":"c.e.g.e.GlobalExceptionHandler","message":"Account Service unavailable | traceId=b5691852-37d8-4703-a14e-f8542ce758ac | error=Account Service is currently unavailable. Please try again later."}
]]></system-out>
  </testcase>
  <testcase name="getEvent_accountServiceDown_stillReturnsGatewayData" classname="com.eventledger.gateway.EventGatewayIntegrationTest" time="0.265">
    <system-out><![CDATA[{"timestamp":"2026-06-04 17:50:14.000","level":"INFO","service":"event-gateway","traceId":"d7c86921-f72a-408a-8a71-922931015342","logger":"c.e.gateway.service.EventService","message":"Processing event submission | eventId=evt-degrade-001 | accountId=acct-123 | type=CREDIT | traceId=d7c86921-f72a-408a-8a71-922931015342"}
{"timestamp":"2026-06-04 17:50:14.010","level":"INFO","service":"event-gateway","traceId":"d7c86921-f72a-408a-8a71-922931015342","logger":"c.e.g.service.AccountServiceClient","message":"Calling Account Service: POST http://localhost:9999/accounts/acct-123/transactions | eventId=evt-degrade-001 | traceId=d7c86921-f72a-408a-8a71-922931015342"}
{"timestamp":"2026-06-04 17:50:14.029","level":"INFO","service":"event-gateway","traceId":"d7c86921-f72a-408a-8a71-922931015342","logger":"c.e.g.service.AccountServiceClient","message":"Account Service responded: status=201 CREATED | eventId=evt-degrade-001 | traceId=d7c86921-f72a-408a-8a71-922931015342"}
{"timestamp":"2026-06-04 17:50:14.197","level":"INFO","service":"event-gateway","traceId":"128a170e-be07-4830-a94a-419178b95cc8","logger":"c.e.gateway.service.EventService","message":"Retrieving event | eventId=evt-degrade-001 | traceId=128a170e-be07-4830-a94a-419178b95cc8"}
]]></system-out>
  </testcase>
  <testcase name="getEventsByAccount_accountServiceDown_stillReturnsGatewayData" classname="com.eventledger.gateway.EventGatewayIntegrationTest" time="0.102">
    <system-out><![CDATA[{"timestamp":"2026-06-04 17:50:14.271","level":"INFO","service":"event-gateway","traceId":"44808864-73ca-4d71-8035-18624a7623c8","logger":"c.e.gateway.service.EventService","message":"Processing event submission | eventId=evt-deg-1 | accountId=acct-degrade | type=CREDIT | traceId=44808864-73ca-4d71-8035-18624a7623c8"}
{"timestamp":"2026-06-04 17:50:14.281","level":"INFO","service":"event-gateway","traceId":"44808864-73ca-4d71-8035-18624a7623c8","logger":"c.e.g.service.AccountServiceClient","message":"Calling Account Service: POST http://localhost:9999/accounts/acct-degrade/transactions | eventId=evt-deg-1 | traceId=44808864-73ca-4d71-8035-18624a7623c8"}
{"timestamp":"2026-06-04 17:50:14.295","level":"INFO","service":"event-gateway","traceId":"44808864-73ca-4d71-8035-18624a7623c8","logger":"c.e.g.service.AccountServiceClient","message":"Account Service responded: status=201 CREATED | eventId=evt-deg-1 | traceId=44808864-73ca-4d71-8035-18624a7623c8"}
{"timestamp":"2026-06-04 17:50:14.303","level":"INFO","service":"event-gateway","traceId":"96109164-b657-41c3-bd0f-7dd6e75f9833","logger":"c.e.gateway.service.EventService","message":"Listing events for account | accountId=acct-degrade | traceId=96109164-b657-41c3-bd0f-7dd6e75f9833"}
]]></system-out>
  </testcase>
  <testcase name="submitEvent_tracePropagatedToAccountService" classname="com.eventledger.gateway.EventGatewayIntegrationTest" time="0.293">
    <system-out><![CDATA[{"timestamp":"2026-06-04 17:50:14.463","level":"INFO","service":"event-gateway","traceId":"test-trace-abc123","logger":"c.e.gateway.service.EventService","message":"Processing event submission | eventId=evt-trace-001 | accountId=acct-123 | type=CREDIT | traceId=test-trace-abc123"}
{"timestamp":"2026-06-04 17:50:14.475","level":"INFO","service":"event-gateway","traceId":"test-trace-abc123","logger":"c.e.g.service.AccountServiceClient","message":"Calling Account Service: POST http://localhost:9999/accounts/acct-123/transactions | eventId=evt-trace-001 | traceId=test-trace-abc123"}
{"timestamp":"2026-06-04 17:50:14.545","level":"INFO","service":"event-gateway","traceId":"test-trace-abc123","logger":"c.e.g.service.AccountServiceClient","message":"Account Service responded: status=201 CREATED | eventId=evt-trace-001 | traceId=test-trace-abc123"}
]]></system-out>
  </testcase>
  <testcase name="submitEvent_noTraceHeader_generatesTraceId" classname="com.eventledger.gateway.EventGatewayIntegrationTest" time="0.1">
    <system-out><![CDATA[{"timestamp":"2026-06-04 17:50:14.680","level":"INFO","service":"event-gateway","traceId":"2bcfb6c1-39cf-4ce2-b63d-7c4304030325","logger":"c.e.gateway.service.EventService","message":"Processing event submission | eventId=evt-auto-trace | accountId=acct-123 | type=CREDIT | traceId=2bcfb6c1-39cf-4ce2-b63d-7c4304030325"}
{"timestamp":"2026-06-04 17:50:14.688","level":"INFO","service":"event-gateway","traceId":"2bcfb6c1-39cf-4ce2-b63d-7c4304030325","logger":"c.e.g.service.AccountServiceClient","message":"Calling Account Service: POST http://localhost:9999/accounts/acct-123/transactions | eventId=evt-auto-trace | traceId=2bcfb6c1-39cf-4ce2-b63d-7c4304030325"}
{"timestamp":"2026-06-04 17:50:14.703","level":"INFO","service":"event-gateway","traceId":"2bcfb6c1-39cf-4ce2-b63d-7c4304030325","logger":"c.e.g.service.AccountServiceClient","message":"Account Service responded: status=201 CREATED | eventId=evt-auto-trace | traceId=2bcfb6c1-39cf-4ce2-b63d-7c4304030325"}
]]></system-out>
  </testcase>
  <testcase name="healthEndpoint_returns200" classname="com.eventledger.gateway.EventGatewayIntegrationTest" time="0.297">
    <system-out><![CDATA[{"timestamp":"2026-06-04 17:50:15.009","level":"WARN","service":"event-gateway","traceId":"e5844cfe-a334-4f1b-974b-b66b8470a694","logger":"c.e.g.service.AccountServiceClient","message":"Account Service health check failed: 404 Not Found: "<EOL><EOL>                                               Request was not matched<EOL><EOL>                                               =======================<EOL><EOL><EOL><EOL>-----------------------------------------------------------------------------------------------------------------------<EOL><EOL>| Closest stub                                             | Request                                                  |<EOL><EOL>-----------------------------------------------------------------------------------------------------------------------<EOL><EOL>                                                           |<EOL><EOL>POST                                                       | GET                                                 <<<<< HTTP method does not match<EOL><EOL>[path regex] /accounts/.*/transactions                     | /health                                             <<<<< URL does not match<EOL><EOL>                                                           |<EOL><EOL>                                                           |<EOL><EOL>-----------------------------------------------------------------------------------------------------------------------<EOL><EOL>""}
]]></system-out>
  </testcase>
  <testcase name="fullFlow_creditAndDebit_gatewayToAccountService" classname="com.eventledger.gateway.EventGatewayIntegrationTest" time="0.158">
    <system-out><![CDATA[{"timestamp":"2026-06-04 17:50:15.088","level":"INFO","service":"event-gateway","traceId":"f1522ee7-2fb0-4fcc-a64a-e0a6d077cd1c","logger":"c.e.gateway.service.EventService","message":"Processing event submission | eventId=evt-full-1 | accountId=acct-full-flow | type=CREDIT | traceId=f1522ee7-2fb0-4fcc-a64a-e0a6d077cd1c"}
{"timestamp":"2026-06-04 17:50:15.100","level":"INFO","service":"event-gateway","traceId":"f1522ee7-2fb0-4fcc-a64a-e0a6d077cd1c","logger":"c.e.g.service.AccountServiceClient","message":"Calling Account Service: POST http://localhost:9999/accounts/acct-full-flow/transactions | eventId=evt-full-1 | traceId=f1522ee7-2fb0-4fcc-a64a-e0a6d077cd1c"}
{"timestamp":"2026-06-04 17:50:15.115","level":"INFO","service":"event-gateway","traceId":"f1522ee7-2fb0-4fcc-a64a-e0a6d077cd1c","logger":"c.e.g.service.AccountServiceClient","message":"Account Service responded: status=201 CREATED | eventId=evt-full-1 | traceId=f1522ee7-2fb0-4fcc-a64a-e0a6d077cd1c"}
{"timestamp":"2026-06-04 17:50:15.130","level":"INFO","service":"event-gateway","traceId":"19e0c634-58fc-4b89-ae52-2f10feb4df2c","logger":"c.e.gateway.service.EventService","message":"Processing event submission | eventId=evt-full-2 | accountId=acct-full-flow | type=DEBIT | traceId=19e0c634-58fc-4b89-ae52-2f10feb4df2c"}
{"timestamp":"2026-06-04 17:50:15.139","level":"INFO","service":"event-gateway","traceId":"19e0c634-58fc-4b89-ae52-2f10feb4df2c","logger":"c.e.g.service.AccountServiceClient","message":"Calling Account Service: POST http://localhost:9999/accounts/acct-full-flow/transactions | eventId=evt-full-2 | traceId=19e0c634-58fc-4b89-ae52-2f10feb4df2c"}
{"timestamp":"2026-06-04 17:50:15.152","level":"INFO","service":"event-gateway","traceId":"19e0c634-58fc-4b89-ae52-2f10feb4df2c","logger":"c.e.g.service.AccountServiceClient","message":"Account Service responded: status=201 CREATED | eventId=evt-full-2 | traceId=19e0c634-58fc-4b89-ae52-2f10feb4df2c"}
{"timestamp":"2026-06-04 17:50:15.161","level":"INFO","service":"event-gateway","traceId":"4d0cbf3f-2b03-4652-b39d-3c87f342845a","logger":"c.e.gateway.service.EventService","message":"Listing events for account | accountId=acct-full-flow | traceId=4d0cbf3f-2b03-4652-b39d-3c87f342845a"}
]]></system-out>
  </testcase>
</testsuite>